# JRE version: OpenJDK Runtime Environment JBR-11.0.10.9-1341.41-dcevm (11.0.10+9) (build 11.0.10+9-b1341.41)
# Java VM: Dynamic Code Evolution 64-Bit Server VM JBR-11.0.10.9-1341.41-dcevm (11.0.10+9-b1341.41, mixed mode, tiered, compressed oops, g1 gc, windows-amd64)
Heap:
 garbage-first heap   total 494592K, used 370990K [0x0000000087200000, 0x0000000100000000)
  region size 1024K, 2 young (2048K), 2 survivors (2048K)
 Metaspace       used 369990K, capacity 386600K, committed 386664K, reserved 1380352K
  class space    used 50328K, capacity 56152K, committed 56188K, reserved 1048576K
GC Heap History (20 events):
Event: 69.127 GC heap after
{Heap after GC invocations=104 (full 0):
 garbage-first heap   total 412672K, used 350350K [0x0000000087200000, 0x0000000100000000)
  region size 1024K, 3 young (3072K), 3 survivors (3072K)
 Metaspace       used 369285K, capacity 385864K, committed 386152K, reserved 1380352K
  class space    used 50250K, capacity 56102K, committed 56188K, reserved 1048576K
}
Event: 69.226 GC heap before
{Heap before GC invocations=104 (full 0):
 garbage-first heap   total 412672K, used 366734K [0x0000000087200000, 0x0000000100000000)
  region size 1024K, 20 young (20480K), 3 survivors (3072K)
 Metaspace       used 369668K, capacity 386367K, committed 386664K, reserved 1380352K
  class space    used 50297K, capacity 56142K, committed 56188K, reserved 1048576K
}
Event: 69.234 GC heap after
{Heap after GC invocations=105 (full 0):
 garbage-first heap   total 412672K, used 351733K [0x0000000087200000, 0x0000000100000000)
  region size 1024K, 3 young (3072K), 3 survivors (3072K)
 Metaspace       used 369668K, capacity 386367K, committed 386664K, reserved 1380352K
  class space    used 50297K, capacity 56142K, committed 56188K, reserved 1048576K
}
Event: 69.310 GC heap before
{Heap before GC invocations=105 (full 0):
 garbage-first heap   total 412672K, used 368117K [0x0000000087200000, 0x0000000100000000)
  region size 1024K, 20 young (20480K), 3 survivors (3072K)
 Metaspace       used 369673K, capacity 386367K, committed 386664K, reserved 1380352K
  class space    used 50297K, capacity 56142K, committed 56188K, reserved 1048576K
}
Event: 69.318 GC heap after
{Heap after GC invocations=106 (full 0):
 garbage-first heap   total 412672K, used 352759K [0x0000000087200000, 0x0000000100000000)
  region size 1024K, 2 young (2048K), 2 survivors (2048K)
 Metaspace       used 369673K, capacity 386367K, committed 386664K, reserved 1380352K
  class space    used 50297K, capacity 56142K, committed 56188K, reserved 1048576K
}
Event: 69.402 GC heap before
{Heap before GC invocations=106 (full 0):
 garbage-first heap   total 412672K, used 370167K [0x0000000087200000, 0x0000000100000000)
  region size 1024K, 20 young (20480K), 2 survivors (2048K)
 Metaspace       used 369716K, capacity 386432K, committed 386664K, reserved 1380352K
  class space    used 50303K, capacity 56142K, committed 56188K, reserved 1048576K
}
Event: 69.407 GC heap after
{Heap after GC invocations=107 (full 0):
 garbage-first heap   total 412672K, used 353865K [0x0000000087200000, 0x0000000100000000)
  region size 1024K, 3 young (3072K), 3 survivors (3072K)
 Metaspace       used 369716K, capacity 386432K, committed 386664K, reserved 1380352K
  class space    used 50303K, capacity 56142K, committed 56188K, reserved 1048576K
}
Event: 69.469 GC heap before
{Heap before GC invocations=107 (full 0):
 garbage-first heap   total 412672K, used 370249K [0x0000000087200000, 0x0000000100000000)
  region size 1024K, 20 young (20480K), 3 survivors (3072K)
 Metaspace       used 369724K, capacity 386432K, committed 386664K, reserved 1380352K
  class space    used 50303K, capacity 56142K, committed 56188K, reserved 1048576K
}
Event: 69.475 GC heap after
{Heap after GC invocations=108 (full 0):
 garbage-first heap   total 412672K, used 354705K [0x0000000087200000, 0x0000000100000000)
  region size 1024K, 1 young (1024K), 1 survivors (1024K)
 Metaspace       used 369724K, capacity 386432K, committed 386664K, reserved 1380352K
  class space    used 50303K, capacity 56142K, committed 56188K, reserved 1048576K
}
Event: 69.559 GC heap before
{Heap before GC invocations=108 (full 0):
 garbage-first heap   total 412672K, used 371089K [0x0000000087200000, 0x0000000100000000)
  region size 1024K, 19 young (19456K), 1 survivors (1024K)
 Metaspace       used 369782K, capacity 386432K, committed 386664K, reserved 1380352K
  class space    used 50315K, capacity 56142K, committed 56188K, reserved 1048576K
}
Event: 69.566 GC heap after
{Heap after GC invocations=109 (full 0):
 garbage-first heap   total 412672K, used 355879K [0x0000000087200000, 0x0000000100000000)
  region size 1024K, 3 young (3072K), 3 survivors (3072K)
 Metaspace       used 369782K, capacity 386432K, committed 386664K, reserved 1380352K
  class space    used 50315K, capacity 56142K, committed 56188K, reserved 1048576K
}
Event: 69.698 GC heap before
{Heap before GC invocations=109 (full 0):
 garbage-first heap   total 412672K, used 375335K [0x0000000087200000, 0x0000000100000000)
  region size 1024K, 20 young (20480K), 3 survivors (3072K)
 Metaspace       used 369789K, capacity 386432K, committed 386664K, reserved 1380352K
  class space    used 50315K, capacity 56142K, committed 56188K, reserved 1048576K
}
Event: 69.708 GC heap after
{Heap after GC invocations=110 (full 0):
 garbage-first heap   total 412672K, used 359663K [0x0000000087200000, 0x0000000100000000)
  region size 1024K, 3 young (3072K), 3 survivors (3072K)
 Metaspace       used 369789K, capacity 386432K, committed 386664K, reserved 1380352K
  class space    used 50315K, capacity 56142K, committed 56188K, reserved 1048576K
}
Event: 69.781 GC heap before
{Heap before GC invocations=110 (full 0):
 garbage-first heap   total 412672K, used 377071K [0x0000000087200000, 0x0000000100000000)
  region size 1024K, 20 young (20480K), 3 survivors (3072K)
 Metaspace       used 369822K, capacity 386437K, committed 386664K, reserved 1380352K
  class space    used 50317K, capacity 56143K, committed 56188K, reserved 1048576K
}
Event: 69.791 GC heap after
{Heap after GC invocations=111 (full 0):
 garbage-first heap   total 412672K, used 361631K [0x0000000087200000, 0x0000000100000000)
  region size 1024K, 2 young (2048K), 2 survivors (2048K)
 Metaspace       used 369822K, capacity 386437K, committed 386664K, reserved 1380352K
  class space    used 50317K, capacity 56143K, committed 56188K, reserved 1048576K
}
Event: 70.112 GC heap before
{Heap before GC invocations=111 (full 0):
 garbage-first heap   total 412672K, used 384159K [0x0000000087200000, 0x0000000100000000)
  region size 1024K, 20 young (20480K), 2 survivors (2048K)
 Metaspace       used 369910K, capacity 386521K, committed 386664K, reserved 1380352K
  class space    used 50325K, capacity 56149K, committed 56188K, reserved 1048576K
}
Event: 70.123 GC heap after
{Heap after GC invocations=112 (full 0):
 garbage-first heap   total 412672K, used 367397K [0x0000000087200000, 0x0000000100000000)
  region size 1024K, 2 young (2048K), 2 survivors (2048K)
 Metaspace       used 369910K, capacity 386521K, committed 386664K, reserved 1380352K
  class space    used 50325K, capacity 56149K, committed 56188K, reserved 1048576K
}
Event: 70.233 GC heap before
{Heap before GC invocations=112 (full 0):
 garbage-first heap   total 412672K, used 385829K [0x0000000087200000, 0x0000000100000000)
  region size 1024K, 20 young (20480K), 2 survivors (2048K)
 Metaspace       used 369936K, capacity 386585K, committed 386664K, reserved 1380352K
  class space    used 50325K, capacity 56149K, committed 56188K, reserved 1048576K
}
Event: 70.244 GC heap after
{Heap after GC invocations=113 (full 0):
 garbage-first heap   total 412672K, used 369377K [0x0000000087200000, 0x0000000100000000)
  region size 1024K, 2 young (2048K), 2 survivors (2048K)
 Metaspace       used 369936K, capacity 386585K, committed 386664K, reserved 1380352K
  class space    used 50325K, capacity 56149K, committed 56188K, reserved 1048576K
}
Event: 70.377 GC heap before
{Heap before GC invocations=113 (full 0):
 garbage-first heap   total 412672K, used 387809K [0x0000000087200000, 0x0000000100000000)
  region size 1024K, 20 young (20480K), 2 survivors (2048K)
 Metaspace       used 369990K, capacity 386600K, committed 386664K, reserved 1380352K
  class space    used 50328K, capacity 56152K, committed 56188K, reserved 1048576K
}

